  fixforwhilemain.cpp
C:\Users\pavli\source\repos\fixforwhilemain\fixforwhilemain\fixforwhilemain.cpp(285,7): warning C4101: i: неиспользованная локальная переменная
C:\Users\pavli\source\repos\fixforwhilemain\fixforwhilemain\fixforwhilemain.cpp(331,6): warning C4552: "+": результат выражения не используется
C:\Users\pavli\source\repos\fixforwhilemain\fixforwhilemain\fixforwhilemain.cpp(366,11): warning C4244: =: преобразование "double" в "float", возможна потеря данных
C:\Users\pavli\source\repos\fixforwhilemain\fixforwhilemain\fixforwhilemain.cpp(368,13): warning C4244: -=: преобразование "double" в "float", возможна потеря данных
C:\Users\pavli\source\repos\fixforwhilemain\fixforwhilemain\fixforwhilemain.cpp(430,14): warning C4244: +=: преобразование "double" в "int", возможна потеря данных
C:\Users\pavli\source\repos\fixforwhilemain\fixforwhilemain\fixforwhilemain.cpp(438,14): warning C4244: +=: преобразование "double" в "int", возможна потеря данных
C:\Users\pavli\source\repos\fixforwhilemain\fixforwhilemain\fixforwhilemain.cpp(446,14): warning C4244: +=: преобразование "double" в "int", возможна потеря данных
C:\Users\pavli\source\repos\fixforwhilemain\fixforwhilemain\fixforwhilemain.cpp(193,43): warning C4244: +=: преобразование "double" в "T", возможна потеря данных
          with
          [
              T=int
          ]
C:\Users\pavli\source\repos\fixforwhilemain\fixforwhilemain\fixforwhilemain.cpp(478,23): message : выполняется компиляция ссылки на экземпляр шаблон функции "int mylib1::compound_interest_when_calculating_contributions<int>(double,T,int)"
          with
          [
              T=int
          ]
C:\Users\pavli\source\repos\fixforwhilemain\fixforwhilemain\fixforwhilemain.cpp(374): warning C4715: mylib1::Find_the_number_of_squares_placed_on_the_rectangle: значение возвращается не при всех путях выполнения
  fixforwhilemain.vcxproj -> C:\Users\pavli\source\repos\fixforwhilemain\x64\Debug\fixforwhilemain.exe
